<?xml version="1.0" encoding="UTF-8"?>
<!-- Generated by org.testng.reporters.JUnitReportReporter -->
<testsuite skipped="0" hostname="W1856222" name="drive.tests.PregnancyOutcome_Vaginal" tests="1" failures="0" timestamp="29 Oct 2020 06:01:00 GMT" time="740.306" errors="0">
  <testcase name="verifyClosePregnancyForPregnancyOutcomeAsVaginal" time="740.306" classname="drive.tests.PregnancyOutcome_Vaginal"/>
</testsuite> <!-- closepregnancy.tests.PregnancyOutcome_Vaginal -->
