<?xml version="1.0" encoding="UTF-8"?>
<!-- Generated by org.testng.reporters.JUnitReportReporter -->
<testsuite skipped="0" hostname="W1856222" name="drive.tests.VaginalOutcome" tests="1" failures="0" timestamp="06 Mar 2019 05:16:27 GMT" time="56.222" errors="0">
  <testcase name="pregnancyOutcomeVaginal" time="56.222" classname="drive.tests.VaginalOutcome"/>
</testsuite> <!-- closepregnancy.tests.VaginalOutcome -->
